[16-Sep-2019 04:46:03 UTC] PHP Fatal error:  Uncaught Error: Call to undefined function get_side() in /Users/sekinosatoru/coding_workspace/Local Sites/30days3rd/app/public/wp-content/themes/tf30/index.php:269
Stack trace:
#0 /Users/sekinosatoru/coding_workspace/Local Sites/30days3rd/app/public/wp-includes/template-loader.php(78): include()
#1 /Users/sekinosatoru/coding_workspace/Local Sites/30days3rd/app/public/wp-blog-header.php(19): require_once('/Users/sekinosa...')
#2 /Users/sekinosatoru/coding_workspace/Local Sites/30days3rd/app/public/index.php(17): require('/Users/sekinosa...')
#3 {main}
  thrown in /Users/sekinosatoru/coding_workspace/Local Sites/30days3rd/app/public/wp-content/themes/tf30/index.php on line 269
[16-Sep-2019 04:46:03 UTC] PHP Fatal error:  Uncaught Error: Call to undefined function get_side() in /Users/sekinosatoru/coding_workspace/Local Sites/30days3rd/app/public/wp-content/themes/tf30/index.php:269
Stack trace:
#0 /Users/sekinosatoru/coding_workspace/Local Sites/30days3rd/app/public/wp-includes/template-loader.php(78): include()
#1 /Users/sekinosatoru/coding_workspace/Local Sites/30days3rd/app/public/wp-blog-header.php(19): require_once('/Users/sekinosa...')
#2 /Users/sekinosatoru/coding_workspace/Local Sites/30days3rd/app/public/index.php(17): require('/Users/sekinosa...')
#3 {main}
  thrown in /Users/sekinosatoru/coding_workspace/Local Sites/30days3rd/app/public/wp-content/themes/tf30/index.php on line 269
[16-Sep-2019 04:49:02 UTC] PHP Fatal error:  Uncaught Error: Call to undefined function wp_side() in /Users/sekinosatoru/coding_workspace/Local Sites/30days3rd/app/public/wp-content/themes/tf30/index.php:269
Stack trace:
#0 /Users/sekinosatoru/coding_workspace/Local Sites/30days3rd/app/public/wp-includes/template-loader.php(78): include()
#1 /Users/sekinosatoru/coding_workspace/Local Sites/30days3rd/app/public/wp-blog-header.php(19): require_once('/Users/sekinosa...')
#2 /Users/sekinosatoru/coding_workspace/Local Sites/30days3rd/app/public/index.php(17): require('/Users/sekinosa...')
#3 {main}
  thrown in /Users/sekinosatoru/coding_workspace/Local Sites/30days3rd/app/public/wp-content/themes/tf30/index.php on line 269
[16-Sep-2019 04:49:02 UTC] PHP Fatal error:  Uncaught Error: Call to undefined function wp_side() in /Users/sekinosatoru/coding_workspace/Local Sites/30days3rd/app/public/wp-content/themes/tf30/index.php:269
Stack trace:
#0 /Users/sekinosatoru/coding_workspace/Local Sites/30days3rd/app/public/wp-includes/template-loader.php(78): include()
#1 /Users/sekinosatoru/coding_workspace/Local Sites/30days3rd/app/public/wp-blog-header.php(19): require_once('/Users/sekinosa...')
#2 /Users/sekinosatoru/coding_workspace/Local Sites/30days3rd/app/public/index.php(17): require('/Users/sekinosa...')
#3 {main}
  thrown in /Users/sekinosatoru/coding_workspace/Local Sites/30days3rd/app/public/wp-content/themes/tf30/index.php on line 269
[16-Sep-2019 04:49:03 UTC] PHP Fatal error:  Uncaught Error: Call to undefined function wp_side() in /Users/sekinosatoru/coding_workspace/Local Sites/30days3rd/app/public/wp-content/themes/tf30/index.php:269
Stack trace:
#0 /Users/sekinosatoru/coding_workspace/Local Sites/30days3rd/app/public/wp-includes/template-loader.php(78): include()
#1 /Users/sekinosatoru/coding_workspace/Local Sites/30days3rd/app/public/wp-blog-header.php(19): require_once('/Users/sekinosa...')
#2 /Users/sekinosatoru/coding_workspace/Local Sites/30days3rd/app/public/index.php(17): require('/Users/sekinosa...')
#3 {main}
  thrown in /Users/sekinosatoru/coding_workspace/Local Sites/30days3rd/app/public/wp-content/themes/tf30/index.php on line 269
[16-Sep-2019 04:49:04 UTC] PHP Fatal error:  Uncaught Error: Call to undefined function wp_side() in /Users/sekinosatoru/coding_workspace/Local Sites/30days3rd/app/public/wp-content/themes/tf30/index.php:269
Stack trace:
#0 /Users/sekinosatoru/coding_workspace/Local Sites/30days3rd/app/public/wp-includes/template-loader.php(78): include()
#1 /Users/sekinosatoru/coding_workspace/Local Sites/30days3rd/app/public/wp-blog-header.php(19): require_once('/Users/sekinosa...')
#2 /Users/sekinosatoru/coding_workspace/Local Sites/30days3rd/app/public/index.php(17): require('/Users/sekinosa...')
#3 {main}
  thrown in /Users/sekinosatoru/coding_workspace/Local Sites/30days3rd/app/public/wp-content/themes/tf30/index.php on line 269
[16-Sep-2019 04:49:04 UTC] PHP Fatal error:  Uncaught Error: Call to undefined function wp_side() in /Users/sekinosatoru/coding_workspace/Local Sites/30days3rd/app/public/wp-content/themes/tf30/index.php:269
Stack trace:
#0 /Users/sekinosatoru/coding_workspace/Local Sites/30days3rd/app/public/wp-includes/template-loader.php(78): include()
#1 /Users/sekinosatoru/coding_workspace/Local Sites/30days3rd/app/public/wp-blog-header.php(19): require_once('/Users/sekinosa...')
#2 /Users/sekinosatoru/coding_workspace/Local Sites/30days3rd/app/public/index.php(17): require('/Users/sekinosa...')
#3 {main}
  thrown in /Users/sekinosatoru/coding_workspace/Local Sites/30days3rd/app/public/wp-content/themes/tf30/index.php on line 269
[16-Sep-2019 04:49:04 UTC] PHP Fatal error:  Uncaught Error: Call to undefined function wp_side() in /Users/sekinosatoru/coding_workspace/Local Sites/30days3rd/app/public/wp-content/themes/tf30/index.php:269
Stack trace:
#0 /Users/sekinosatoru/coding_workspace/Local Sites/30days3rd/app/public/wp-includes/template-loader.php(78): include()
#1 /Users/sekinosatoru/coding_workspace/Local Sites/30days3rd/app/public/wp-blog-header.php(19): require_once('/Users/sekinosa...')
#2 /Users/sekinosatoru/coding_workspace/Local Sites/30days3rd/app/public/index.php(17): require('/Users/sekinosa...')
#3 {main}
  thrown in /Users/sekinosatoru/coding_workspace/Local Sites/30days3rd/app/public/wp-content/themes/tf30/index.php on line 269
[16-Sep-2019 04:53:18 UTC] PHP Fatal error:  Uncaught Error: Call to undefined function wp_sidebar() in /Users/sekinosatoru/coding_workspace/Local Sites/30days3rd/app/public/wp-content/themes/tf30/index.php:269
Stack trace:
#0 /Users/sekinosatoru/coding_workspace/Local Sites/30days3rd/app/public/wp-includes/template-loader.php(78): include()
#1 /Users/sekinosatoru/coding_workspace/Local Sites/30days3rd/app/public/wp-blog-header.php(19): require_once('/Users/sekinosa...')
#2 /Users/sekinosatoru/coding_workspace/Local Sites/30days3rd/app/public/index.php(17): require('/Users/sekinosa...')
#3 {main}
  thrown in /Users/sekinosatoru/coding_workspace/Local Sites/30days3rd/app/public/wp-content/themes/tf30/index.php on line 269
[16-Sep-2019 04:53:18 UTC] PHP Fatal error:  Uncaught Error: Call to undefined function wp_sidebar() in /Users/sekinosatoru/coding_workspace/Local Sites/30days3rd/app/public/wp-content/themes/tf30/index.php:269
Stack trace:
#0 /Users/sekinosatoru/coding_workspace/Local Sites/30days3rd/app/public/wp-includes/template-loader.php(78): include()
#1 /Users/sekinosatoru/coding_workspace/Local Sites/30days3rd/app/public/wp-blog-header.php(19): require_once('/Users/sekinosa...')
#2 /Users/sekinosatoru/coding_workspace/Local Sites/30days3rd/app/public/index.php(17): require('/Users/sekinosa...')
#3 {main}
  thrown in /Users/sekinosatoru/coding_workspace/Local Sites/30days3rd/app/public/wp-content/themes/tf30/index.php on line 269
[18-Sep-2019 10:58:03 UTC] PHP Parse error:  syntax error, unexpected end of file in /Users/sekinosatoru/coding_workspace/Local Sites/30days3rd/app/public/wp-content/themes/tf30/single.php on line 156
[18-Sep-2019 10:58:03 UTC] PHP Parse error:  syntax error, unexpected end of file in /Users/sekinosatoru/coding_workspace/Local Sites/30days3rd/app/public/wp-content/themes/tf30/single.php on line 156
[18-Sep-2019 10:58:30 UTC] PHP Parse error:  syntax error, unexpected end of file in /Users/sekinosatoru/coding_workspace/Local Sites/30days3rd/app/public/wp-content/themes/tf30/single.php on line 156
[18-Sep-2019 10:58:30 UTC] PHP Parse error:  syntax error, unexpected end of file in /Users/sekinosatoru/coding_workspace/Local Sites/30days3rd/app/public/wp-content/themes/tf30/single.php on line 156
[18-Sep-2019 10:59:58 UTC] PHP Parse error:  syntax error, unexpected end of file in /Users/sekinosatoru/coding_workspace/Local Sites/30days3rd/app/public/wp-content/themes/tf30/single.php on line 155
[18-Sep-2019 10:59:59 UTC] PHP Parse error:  syntax error, unexpected end of file in /Users/sekinosatoru/coding_workspace/Local Sites/30days3rd/app/public/wp-content/themes/tf30/single.php on line 155
[18-Sep-2019 10:59:59 UTC] PHP Parse error:  syntax error, unexpected end of file in /Users/sekinosatoru/coding_workspace/Local Sites/30days3rd/app/public/wp-content/themes/tf30/single.php on line 155
[18-Sep-2019 10:59:59 UTC] PHP Parse error:  syntax error, unexpected end of file in /Users/sekinosatoru/coding_workspace/Local Sites/30days3rd/app/public/wp-content/themes/tf30/single.php on line 155
[18-Sep-2019 11:00:11 UTC] PHP Parse error:  syntax error, unexpected end of file in /Users/sekinosatoru/coding_workspace/Local Sites/30days3rd/app/public/wp-content/themes/tf30/single.php on line 154
[18-Sep-2019 11:00:11 UTC] PHP Parse error:  syntax error, unexpected end of file in /Users/sekinosatoru/coding_workspace/Local Sites/30days3rd/app/public/wp-content/themes/tf30/single.php on line 154
[18-Sep-2019 11:00:13 UTC] PHP Parse error:  syntax error, unexpected end of file in /Users/sekinosatoru/coding_workspace/Local Sites/30days3rd/app/public/wp-content/themes/tf30/single.php on line 154
[18-Sep-2019 11:00:13 UTC] PHP Parse error:  syntax error, unexpected end of file in /Users/sekinosatoru/coding_workspace/Local Sites/30days3rd/app/public/wp-content/themes/tf30/single.php on line 154
[18-Sep-2019 13:13:26 UTC] PHP Parse error:  syntax error, unexpected end of file in /Users/sekinosatoru/coding_workspace/Local Sites/30days3rd/app/public/wp-content/themes/tf30/functions.php on line 100
[18-Sep-2019 13:13:26 UTC] PHP Parse error:  syntax error, unexpected end of file in /Users/sekinosatoru/coding_workspace/Local Sites/30days3rd/app/public/wp-content/themes/tf30/functions.php on line 100
[18-Sep-2019 13:13:34 UTC] PHP Parse error:  syntax error, unexpected end of file in /Users/sekinosatoru/coding_workspace/Local Sites/30days3rd/app/public/wp-content/themes/tf30/functions.php on line 100
[18-Sep-2019 13:14:53 UTC] PHP Parse error:  syntax error, unexpected '&' in /Users/sekinosatoru/coding_workspace/Local Sites/30days3rd/app/public/wp-content/themes/tf30/functions.php on line 47
[18-Sep-2019 13:14:53 UTC] PHP Parse error:  syntax error, unexpected '&' in /Users/sekinosatoru/coding_workspace/Local Sites/30days3rd/app/public/wp-content/themes/tf30/functions.php on line 47
[18-Sep-2019 13:14:57 UTC] PHP Parse error:  syntax error, unexpected '&' in /Users/sekinosatoru/coding_workspace/Local Sites/30days3rd/app/public/wp-content/themes/tf30/functions.php on line 47
[18-Sep-2019 13:15:36 UTC] PHP Parse error:  syntax error, unexpected end of file in /Users/sekinosatoru/coding_workspace/Local Sites/30days3rd/app/public/wp-content/themes/tf30/functions.php on line 101
[18-Sep-2019 13:15:36 UTC] PHP Parse error:  syntax error, unexpected end of file in /Users/sekinosatoru/coding_workspace/Local Sites/30days3rd/app/public/wp-content/themes/tf30/functions.php on line 101
[18-Sep-2019 13:29:26 UTC] PHP Parse error:  syntax error, unexpected end of file, expecting elseif (T_ELSEIF) or else (T_ELSE) or endif (T_ENDIF) in /Users/sekinosatoru/coding_workspace/Local Sites/30days3rd/app/public/wp-content/themes/tf30/footer.php on line 47
[18-Sep-2019 13:29:26 UTC] PHP Parse error:  syntax error, unexpected end of file, expecting elseif (T_ELSEIF) or else (T_ELSE) or endif (T_ENDIF) in /Users/sekinosatoru/coding_workspace/Local Sites/30days3rd/app/public/wp-content/themes/tf30/footer.php on line 47
[18-Sep-2019 13:29:26 UTC] PHP Parse error:  syntax error, unexpected end of file, expecting elseif (T_ELSEIF) or else (T_ELSE) or endif (T_ENDIF) in /Users/sekinosatoru/coding_workspace/Local Sites/30days3rd/app/public/wp-content/themes/tf30/footer.php on line 47
[22-Sep-2019 01:10:01 UTC] PHP Parse error:  syntax error, unexpected '}' in /Users/sekinosatoru/coding_workspace/Local Sites/30days3rd/app/public/wp-content/themes/tf30/single.php on line 101
[22-Sep-2019 01:10:01 UTC] PHP Parse error:  syntax error, unexpected '}' in /Users/sekinosatoru/coding_workspace/Local Sites/30days3rd/app/public/wp-content/themes/tf30/single.php on line 101
[22-Sep-2019 01:53:03 UTC] PHP Warning:  count(): Parameter must be an array or an object that implements Countable in /Users/sekinosatoru/coding_workspace/Local Sites/30days3rd/app/public/wp-includes/post-template.php on line 310
[22-Sep-2019 01:53:03 UTC] PHP Stack trace:
[22-Sep-2019 01:53:03 UTC] PHP   1. {main}() /Users/sekinosatoru/coding_workspace/Local Sites/30days3rd/app/public/index.php:0
[22-Sep-2019 01:53:03 UTC] PHP   2. require() /Users/sekinosatoru/coding_workspace/Local Sites/30days3rd/app/public/index.php:17
[22-Sep-2019 01:53:03 UTC] PHP   3. require_once() /Users/sekinosatoru/coding_workspace/Local Sites/30days3rd/app/public/wp-blog-header.php:19
[22-Sep-2019 01:53:03 UTC] PHP   4. include() /Users/sekinosatoru/coding_workspace/Local Sites/30days3rd/app/public/wp-includes/template-loader.php:78
[22-Sep-2019 01:53:03 UTC] PHP   5. the_content() /Users/sekinosatoru/coding_workspace/Local Sites/30days3rd/app/public/wp-content/themes/tf30/page.php:41
[22-Sep-2019 01:53:03 UTC] PHP   6. get_the_content() /Users/sekinosatoru/coding_workspace/Local Sites/30days3rd/app/public/wp-includes/post-template.php:238
[22-Sep-2019 01:53:03 UTC] PHP Warning:  count(): Parameter must be an array or an object that implements Countable in /Users/sekinosatoru/coding_workspace/Local Sites/30days3rd/app/public/wp-includes/post-template.php on line 310
[22-Sep-2019 01:53:03 UTC] PHP Stack trace:
[22-Sep-2019 01:53:03 UTC] PHP   1. {main}() /Users/sekinosatoru/coding_workspace/Local Sites/30days3rd/app/public/index.php:0
[22-Sep-2019 01:53:03 UTC] PHP   2. require() /Users/sekinosatoru/coding_workspace/Local Sites/30days3rd/app/public/index.php:17
[22-Sep-2019 01:53:03 UTC] PHP   3. require_once() /Users/sekinosatoru/coding_workspace/Local Sites/30days3rd/app/public/wp-blog-header.php:19
[22-Sep-2019 01:53:03 UTC] PHP   4. include() /Users/sekinosatoru/coding_workspace/Local Sites/30days3rd/app/public/wp-includes/template-loader.php:78
[22-Sep-2019 01:53:03 UTC] PHP   5. the_content() /Users/sekinosatoru/coding_workspace/Local Sites/30days3rd/app/public/wp-content/themes/tf30/page.php:41
[22-Sep-2019 01:53:03 UTC] PHP   6. get_the_content() /Users/sekinosatoru/coding_workspace/Local Sites/30days3rd/app/public/wp-includes/post-template.php:238
[22-Sep-2019 01:53:13 UTC] PHP Warning:  count(): Parameter must be an array or an object that implements Countable in /Users/sekinosatoru/coding_workspace/Local Sites/30days3rd/app/public/wp-includes/post-template.php on line 310
[22-Sep-2019 01:53:13 UTC] PHP Stack trace:
[22-Sep-2019 01:53:13 UTC] PHP   1. {main}() /Users/sekinosatoru/coding_workspace/Local Sites/30days3rd/app/public/index.php:0
[22-Sep-2019 01:53:13 UTC] PHP   2. require() /Users/sekinosatoru/coding_workspace/Local Sites/30days3rd/app/public/index.php:17
[22-Sep-2019 01:53:13 UTC] PHP   3. require_once() /Users/sekinosatoru/coding_workspace/Local Sites/30days3rd/app/public/wp-blog-header.php:19
[22-Sep-2019 01:53:13 UTC] PHP   4. include() /Users/sekinosatoru/coding_workspace/Local Sites/30days3rd/app/public/wp-includes/template-loader.php:78
[22-Sep-2019 01:53:13 UTC] PHP   5. the_content() /Users/sekinosatoru/coding_workspace/Local Sites/30days3rd/app/public/wp-content/themes/tf30/page.php:41
[22-Sep-2019 01:53:13 UTC] PHP   6. get_the_content() /Users/sekinosatoru/coding_workspace/Local Sites/30days3rd/app/public/wp-includes/post-template.php:238
[22-Sep-2019 01:53:13 UTC] PHP Warning:  count(): Parameter must be an array or an object that implements Countable in /Users/sekinosatoru/coding_workspace/Local Sites/30days3rd/app/public/wp-includes/post-template.php on line 310
[22-Sep-2019 01:53:13 UTC] PHP Stack trace:
[22-Sep-2019 01:53:13 UTC] PHP   1. {main}() /Users/sekinosatoru/coding_workspace/Local Sites/30days3rd/app/public/index.php:0
[22-Sep-2019 01:53:13 UTC] PHP   2. require() /Users/sekinosatoru/coding_workspace/Local Sites/30days3rd/app/public/index.php:17
[22-Sep-2019 01:53:13 UTC] PHP   3. require_once() /Users/sekinosatoru/coding_workspace/Local Sites/30days3rd/app/public/wp-blog-header.php:19
[22-Sep-2019 01:53:13 UTC] PHP   4. include() /Users/sekinosatoru/coding_workspace/Local Sites/30days3rd/app/public/wp-includes/template-loader.php:78
[22-Sep-2019 01:53:13 UTC] PHP   5. the_content() /Users/sekinosatoru/coding_workspace/Local Sites/30days3rd/app/public/wp-content/themes/tf30/page.php:41
[22-Sep-2019 01:53:13 UTC] PHP   6. get_the_content() /Users/sekinosatoru/coding_workspace/Local Sites/30days3rd/app/public/wp-includes/post-template.php:238
[22-Sep-2019 01:53:14 UTC] PHP Warning:  count(): Parameter must be an array or an object that implements Countable in /Users/sekinosatoru/coding_workspace/Local Sites/30days3rd/app/public/wp-includes/post-template.php on line 310
[22-Sep-2019 01:53:14 UTC] PHP Stack trace:
[22-Sep-2019 01:53:14 UTC] PHP   1. {main}() /Users/sekinosatoru/coding_workspace/Local Sites/30days3rd/app/public/index.php:0
[22-Sep-2019 01:53:14 UTC] PHP   2. require() /Users/sekinosatoru/coding_workspace/Local Sites/30days3rd/app/public/index.php:17
[22-Sep-2019 01:53:14 UTC] PHP   3. require_once() /Users/sekinosatoru/coding_workspace/Local Sites/30days3rd/app/public/wp-blog-header.php:19
[22-Sep-2019 01:53:14 UTC] PHP   4. include() /Users/sekinosatoru/coding_workspace/Local Sites/30days3rd/app/public/wp-includes/template-loader.php:78
[22-Sep-2019 01:53:14 UTC] PHP   5. the_content() /Users/sekinosatoru/coding_workspace/Local Sites/30days3rd/app/public/wp-content/themes/tf30/page.php:41
[22-Sep-2019 01:53:14 UTC] PHP   6. get_the_content() /Users/sekinosatoru/coding_workspace/Local Sites/30days3rd/app/public/wp-includes/post-template.php:238
[22-Sep-2019 01:53:15 UTC] PHP Warning:  count(): Parameter must be an array or an object that implements Countable in /Users/sekinosatoru/coding_workspace/Local Sites/30days3rd/app/public/wp-includes/post-template.php on line 310
[22-Sep-2019 01:53:15 UTC] PHP Stack trace:
[22-Sep-2019 01:53:15 UTC] PHP   1. {main}() /Users/sekinosatoru/coding_workspace/Local Sites/30days3rd/app/public/index.php:0
[22-Sep-2019 01:53:15 UTC] PHP   2. require() /Users/sekinosatoru/coding_workspace/Local Sites/30days3rd/app/public/index.php:17
[22-Sep-2019 01:53:15 UTC] PHP   3. require_once() /Users/sekinosatoru/coding_workspace/Local Sites/30days3rd/app/public/wp-blog-header.php:19
[22-Sep-2019 01:53:15 UTC] PHP   4. include() /Users/sekinosatoru/coding_workspace/Local Sites/30days3rd/app/public/wp-includes/template-loader.php:78
[22-Sep-2019 01:53:15 UTC] PHP   5. the_content() /Users/sekinosatoru/coding_workspace/Local Sites/30days3rd/app/public/wp-content/themes/tf30/page.php:41
[22-Sep-2019 01:53:15 UTC] PHP   6. get_the_content() /Users/sekinosatoru/coding_workspace/Local Sites/30days3rd/app/public/wp-includes/post-template.php:238
[22-Sep-2019 02:08:27 UTC] PHP Warning:  count(): Parameter must be an array or an object that implements Countable in /Users/sekinosatoru/coding_workspace/Local Sites/30days3rd/app/public/wp-includes/post-template.php on line 310
[22-Sep-2019 02:08:27 UTC] PHP Stack trace:
[22-Sep-2019 02:08:27 UTC] PHP   1. {main}() /Users/sekinosatoru/coding_workspace/Local Sites/30days3rd/app/public/index.php:0
[22-Sep-2019 02:08:27 UTC] PHP   2. require() /Users/sekinosatoru/coding_workspace/Local Sites/30days3rd/app/public/index.php:17
[22-Sep-2019 02:08:27 UTC] PHP   3. require_once() /Users/sekinosatoru/coding_workspace/Local Sites/30days3rd/app/public/wp-blog-header.php:19
[22-Sep-2019 02:08:27 UTC] PHP   4. include() /Users/sekinosatoru/coding_workspace/Local Sites/30days3rd/app/public/wp-includes/template-loader.php:78
[22-Sep-2019 02:08:27 UTC] PHP   5. the_content() /Users/sekinosatoru/coding_workspace/Local Sites/30days3rd/app/public/wp-content/themes/tf30/page.php:41
[22-Sep-2019 02:08:27 UTC] PHP   6. get_the_content() /Users/sekinosatoru/coding_workspace/Local Sites/30days3rd/app/public/wp-includes/post-template.php:238
[22-Sep-2019 02:08:27 UTC] PHP Warning:  count(): Parameter must be an array or an object that implements Countable in /Users/sekinosatoru/coding_workspace/Local Sites/30days3rd/app/public/wp-includes/post-template.php on line 310
[22-Sep-2019 02:08:27 UTC] PHP Stack trace:
[22-Sep-2019 02:08:27 UTC] PHP   1. {main}() /Users/sekinosatoru/coding_workspace/Local Sites/30days3rd/app/public/index.php:0
[22-Sep-2019 02:08:27 UTC] PHP   2. require() /Users/sekinosatoru/coding_workspace/Local Sites/30days3rd/app/public/index.php:17
[22-Sep-2019 02:08:27 UTC] PHP   3. require_once() /Users/sekinosatoru/coding_workspace/Local Sites/30days3rd/app/public/wp-blog-header.php:19
[22-Sep-2019 02:08:27 UTC] PHP   4. include() /Users/sekinosatoru/coding_workspace/Local Sites/30days3rd/app/public/wp-includes/template-loader.php:78
[22-Sep-2019 02:08:27 UTC] PHP   5. the_content() /Users/sekinosatoru/coding_workspace/Local Sites/30days3rd/app/public/wp-content/themes/tf30/page.php:41
[22-Sep-2019 02:08:27 UTC] PHP   6. get_the_content() /Users/sekinosatoru/coding_workspace/Local Sites/30days3rd/app/public/wp-includes/post-template.php:238
[22-Sep-2019 02:09:42 UTC] PHP Warning:  count(): Parameter must be an array or an object that implements Countable in /Users/sekinosatoru/coding_workspace/Local Sites/30days3rd/app/public/wp-includes/post-template.php on line 310
[22-Sep-2019 02:09:42 UTC] PHP Stack trace:
[22-Sep-2019 02:09:42 UTC] PHP   1. {main}() /Users/sekinosatoru/coding_workspace/Local Sites/30days3rd/app/public/index.php:0
[22-Sep-2019 02:09:42 UTC] PHP   2. require() /Users/sekinosatoru/coding_workspace/Local Sites/30days3rd/app/public/index.php:17
[22-Sep-2019 02:09:42 UTC] PHP   3. require_once() /Users/sekinosatoru/coding_workspace/Local Sites/30days3rd/app/public/wp-blog-header.php:19
[22-Sep-2019 02:09:42 UTC] PHP   4. include() /Users/sekinosatoru/coding_workspace/Local Sites/30days3rd/app/public/wp-includes/template-loader.php:78
[22-Sep-2019 02:09:42 UTC] PHP   5. the_content() /Users/sekinosatoru/coding_workspace/Local Sites/30days3rd/app/public/wp-content/themes/tf30/page.php:41
[22-Sep-2019 02:09:42 UTC] PHP   6. get_the_content() /Users/sekinosatoru/coding_workspace/Local Sites/30days3rd/app/public/wp-includes/post-template.php:238
[22-Sep-2019 02:09:42 UTC] PHP Warning:  count(): Parameter must be an array or an object that implements Countable in /Users/sekinosatoru/coding_workspace/Local Sites/30days3rd/app/public/wp-includes/post-template.php on line 310
[22-Sep-2019 02:09:42 UTC] PHP Stack trace:
[22-Sep-2019 02:09:42 UTC] PHP   1. {main}() /Users/sekinosatoru/coding_workspace/Local Sites/30days3rd/app/public/index.php:0
[22-Sep-2019 02:09:42 UTC] PHP   2. require() /Users/sekinosatoru/coding_workspace/Local Sites/30days3rd/app/public/index.php:17
[22-Sep-2019 02:09:42 UTC] PHP   3. require_once() /Users/sekinosatoru/coding_workspace/Local Sites/30days3rd/app/public/wp-blog-header.php:19
[22-Sep-2019 02:09:42 UTC] PHP   4. include() /Users/sekinosatoru/coding_workspace/Local Sites/30days3rd/app/public/wp-includes/template-loader.php:78
[22-Sep-2019 02:09:42 UTC] PHP   5. the_content() /Users/sekinosatoru/coding_workspace/Local Sites/30days3rd/app/public/wp-content/themes/tf30/page.php:41
[22-Sep-2019 02:09:42 UTC] PHP   6. get_the_content() /Users/sekinosatoru/coding_workspace/Local Sites/30days3rd/app/public/wp-includes/post-template.php:238
[22-Sep-2019 02:10:33 UTC] PHP Warning:  count(): Parameter must be an array or an object that implements Countable in /Users/sekinosatoru/coding_workspace/Local Sites/30days3rd/app/public/wp-includes/post-template.php on line 310
[22-Sep-2019 02:10:33 UTC] PHP Stack trace:
[22-Sep-2019 02:10:33 UTC] PHP   1. {main}() /Users/sekinosatoru/coding_workspace/Local Sites/30days3rd/app/public/index.php:0
[22-Sep-2019 02:10:33 UTC] PHP   2. require() /Users/sekinosatoru/coding_workspace/Local Sites/30days3rd/app/public/index.php:17
[22-Sep-2019 02:10:33 UTC] PHP   3. require_once() /Users/sekinosatoru/coding_workspace/Local Sites/30days3rd/app/public/wp-blog-header.php:19
[22-Sep-2019 02:10:33 UTC] PHP   4. include() /Users/sekinosatoru/coding_workspace/Local Sites/30days3rd/app/public/wp-includes/template-loader.php:78
[22-Sep-2019 02:10:33 UTC] PHP   5. the_content() /Users/sekinosatoru/coding_workspace/Local Sites/30days3rd/app/public/wp-content/themes/tf30/page.php:41
[22-Sep-2019 02:10:33 UTC] PHP   6. get_the_content() /Users/sekinosatoru/coding_workspace/Local Sites/30days3rd/app/public/wp-includes/post-template.php:238
[22-Sep-2019 02:10:34 UTC] PHP Warning:  count(): Parameter must be an array or an object that implements Countable in /Users/sekinosatoru/coding_workspace/Local Sites/30days3rd/app/public/wp-includes/post-template.php on line 310
[22-Sep-2019 02:10:34 UTC] PHP Stack trace:
[22-Sep-2019 02:10:34 UTC] PHP   1. {main}() /Users/sekinosatoru/coding_workspace/Local Sites/30days3rd/app/public/index.php:0
[22-Sep-2019 02:10:34 UTC] PHP   2. require() /Users/sekinosatoru/coding_workspace/Local Sites/30days3rd/app/public/index.php:17
[22-Sep-2019 02:10:34 UTC] PHP   3. require_once() /Users/sekinosatoru/coding_workspace/Local Sites/30days3rd/app/public/wp-blog-header.php:19
[22-Sep-2019 02:10:34 UTC] PHP   4. include() /Users/sekinosatoru/coding_workspace/Local Sites/30days3rd/app/public/wp-includes/template-loader.php:78
[22-Sep-2019 02:10:34 UTC] PHP   5. the_content() /Users/sekinosatoru/coding_workspace/Local Sites/30days3rd/app/public/wp-content/themes/tf30/page.php:41
[22-Sep-2019 02:10:34 UTC] PHP   6. get_the_content() /Users/sekinosatoru/coding_workspace/Local Sites/30days3rd/app/public/wp-includes/post-template.php:238
[22-Sep-2019 02:10:55 UTC] PHP Warning:  count(): Parameter must be an array or an object that implements Countable in /Users/sekinosatoru/coding_workspace/Local Sites/30days3rd/app/public/wp-includes/post-template.php on line 310
[22-Sep-2019 02:10:55 UTC] PHP Stack trace:
[22-Sep-2019 02:10:55 UTC] PHP   1. {main}() /Users/sekinosatoru/coding_workspace/Local Sites/30days3rd/app/public/index.php:0
[22-Sep-2019 02:10:55 UTC] PHP   2. require() /Users/sekinosatoru/coding_workspace/Local Sites/30days3rd/app/public/index.php:17
[22-Sep-2019 02:10:55 UTC] PHP   3. require_once() /Users/sekinosatoru/coding_workspace/Local Sites/30days3rd/app/public/wp-blog-header.php:19
[22-Sep-2019 02:10:55 UTC] PHP   4. include() /Users/sekinosatoru/coding_workspace/Local Sites/30days3rd/app/public/wp-includes/template-loader.php:78
[22-Sep-2019 02:10:55 UTC] PHP   5. the_content() /Users/sekinosatoru/coding_workspace/Local Sites/30days3rd/app/public/wp-content/themes/tf30/page.php:41
[22-Sep-2019 02:10:55 UTC] PHP   6. get_the_content() /Users/sekinosatoru/coding_workspace/Local Sites/30days3rd/app/public/wp-includes/post-template.php:238
[22-Sep-2019 02:10:56 UTC] PHP Warning:  count(): Parameter must be an array or an object that implements Countable in /Users/sekinosatoru/coding_workspace/Local Sites/30days3rd/app/public/wp-includes/post-template.php on line 310
[22-Sep-2019 02:10:56 UTC] PHP Stack trace:
[22-Sep-2019 02:10:56 UTC] PHP   1. {main}() /Users/sekinosatoru/coding_workspace/Local Sites/30days3rd/app/public/index.php:0
[22-Sep-2019 02:10:56 UTC] PHP   2. require() /Users/sekinosatoru/coding_workspace/Local Sites/30days3rd/app/public/index.php:17
[22-Sep-2019 02:10:56 UTC] PHP   3. require_once() /Users/sekinosatoru/coding_workspace/Local Sites/30days3rd/app/public/wp-blog-header.php:19
[22-Sep-2019 02:10:56 UTC] PHP   4. include() /Users/sekinosatoru/coding_workspace/Local Sites/30days3rd/app/public/wp-includes/template-loader.php:78
[22-Sep-2019 02:10:56 UTC] PHP   5. the_content() /Users/sekinosatoru/coding_workspace/Local Sites/30days3rd/app/public/wp-content/themes/tf30/page.php:41
[22-Sep-2019 02:10:56 UTC] PHP   6. get_the_content() /Users/sekinosatoru/coding_workspace/Local Sites/30days3rd/app/public/wp-includes/post-template.php:238
[22-Sep-2019 02:11:04 UTC] PHP Warning:  count(): Parameter must be an array or an object that implements Countable in /Users/sekinosatoru/coding_workspace/Local Sites/30days3rd/app/public/wp-includes/post-template.php on line 310
[22-Sep-2019 02:11:04 UTC] PHP Stack trace:
[22-Sep-2019 02:11:04 UTC] PHP   1. {main}() /Users/sekinosatoru/coding_workspace/Local Sites/30days3rd/app/public/index.php:0
[22-Sep-2019 02:11:04 UTC] PHP   2. require() /Users/sekinosatoru/coding_workspace/Local Sites/30days3rd/app/public/index.php:17
[22-Sep-2019 02:11:04 UTC] PHP   3. require_once() /Users/sekinosatoru/coding_workspace/Local Sites/30days3rd/app/public/wp-blog-header.php:19
[22-Sep-2019 02:11:04 UTC] PHP   4. include() /Users/sekinosatoru/coding_workspace/Local Sites/30days3rd/app/public/wp-includes/template-loader.php:78
[22-Sep-2019 02:11:04 UTC] PHP   5. the_content() /Users/sekinosatoru/coding_workspace/Local Sites/30days3rd/app/public/wp-content/themes/tf30/page.php:41
[22-Sep-2019 02:11:04 UTC] PHP   6. get_the_content() /Users/sekinosatoru/coding_workspace/Local Sites/30days3rd/app/public/wp-includes/post-template.php:238
[22-Sep-2019 02:11:04 UTC] PHP Warning:  count(): Parameter must be an array or an object that implements Countable in /Users/sekinosatoru/coding_workspace/Local Sites/30days3rd/app/public/wp-includes/post-template.php on line 310
[22-Sep-2019 02:11:04 UTC] PHP Stack trace:
[22-Sep-2019 02:11:04 UTC] PHP   1. {main}() /Users/sekinosatoru/coding_workspace/Local Sites/30days3rd/app/public/index.php:0
[22-Sep-2019 02:11:04 UTC] PHP   2. require() /Users/sekinosatoru/coding_workspace/Local Sites/30days3rd/app/public/index.php:17
[22-Sep-2019 02:11:04 UTC] PHP   3. require_once() /Users/sekinosatoru/coding_workspace/Local Sites/30days3rd/app/public/wp-blog-header.php:19
[22-Sep-2019 02:11:04 UTC] PHP   4. include() /Users/sekinosatoru/coding_workspace/Local Sites/30days3rd/app/public/wp-includes/template-loader.php:78
[22-Sep-2019 02:11:04 UTC] PHP   5. the_content() /Users/sekinosatoru/coding_workspace/Local Sites/30days3rd/app/public/wp-content/themes/tf30/page.php:41
[22-Sep-2019 02:11:04 UTC] PHP   6. get_the_content() /Users/sekinosatoru/coding_workspace/Local Sites/30days3rd/app/public/wp-includes/post-template.php:238
[22-Sep-2019 02:56:01 UTC] PHP Fatal error:  Uncaught Error: Call to undefined function wp_header() in /Users/sekinosatoru/coding_workspace/Local Sites/30days3rd/app/public/wp-content/themes/tf30/index.php:3
Stack trace:
#0 /Users/sekinosatoru/coding_workspace/Local Sites/30days3rd/app/public/wp-includes/template-loader.php(78): include()
#1 /Users/sekinosatoru/coding_workspace/Local Sites/30days3rd/app/public/wp-blog-header.php(19): require_once('/Users/sekinosa...')
#2 /Users/sekinosatoru/coding_workspace/Local Sites/30days3rd/app/public/index.php(17): require('/Users/sekinosa...')
#3 {main}
  thrown in /Users/sekinosatoru/coding_workspace/Local Sites/30days3rd/app/public/wp-content/themes/tf30/index.php on line 3
[22-Sep-2019 02:56:01 UTC] PHP Fatal error:  Uncaught Error: Call to undefined function wp_header() in /Users/sekinosatoru/coding_workspace/Local Sites/30days3rd/app/public/wp-content/themes/tf30/index.php:3
Stack trace:
#0 /Users/sekinosatoru/coding_workspace/Local Sites/30days3rd/app/public/wp-includes/template-loader.php(78): include()
#1 /Users/sekinosatoru/coding_workspace/Local Sites/30days3rd/app/public/wp-blog-header.php(19): require_once('/Users/sekinosa...')
#2 /Users/sekinosatoru/coding_workspace/Local Sites/30days3rd/app/public/index.php(17): require('/Users/sekinosa...')
#3 {main}
  thrown in /Users/sekinosatoru/coding_workspace/Local Sites/30days3rd/app/public/wp-content/themes/tf30/index.php on line 3
[22-Sep-2019 02:57:08 UTC] PHP Fatal error:  Uncaught Error: Call to undefined function wp_header() in /Users/sekinosatoru/coding_workspace/Local Sites/30days3rd/app/public/wp-content/themes/tf30/index.php:3
Stack trace:
#0 /Users/sekinosatoru/coding_workspace/Local Sites/30days3rd/app/public/wp-includes/template-loader.php(78): include()
#1 /Users/sekinosatoru/coding_workspace/Local Sites/30days3rd/app/public/wp-blog-header.php(19): require_once('/Users/sekinosa...')
#2 /Users/sekinosatoru/coding_workspace/Local Sites/30days3rd/app/public/index.php(17): require('/Users/sekinosa...')
#3 {main}
  thrown in /Users/sekinosatoru/coding_workspace/Local Sites/30days3rd/app/public/wp-content/themes/tf30/index.php on line 3
[22-Sep-2019 02:57:08 UTC] PHP Fatal error:  Uncaught Error: Call to undefined function wp_header() in /Users/sekinosatoru/coding_workspace/Local Sites/30days3rd/app/public/wp-content/themes/tf30/index.php:3
Stack trace:
#0 /Users/sekinosatoru/coding_workspace/Local Sites/30days3rd/app/public/wp-includes/template-loader.php(78): include()
#1 /Users/sekinosatoru/coding_workspace/Local Sites/30days3rd/app/public/wp-blog-header.php(19): require_once('/Users/sekinosa...')
#2 /Users/sekinosatoru/coding_workspace/Local Sites/30days3rd/app/public/index.php(17): require('/Users/sekinosa...')
#3 {main}
  thrown in /Users/sekinosatoru/coding_workspace/Local Sites/30days3rd/app/public/wp-content/themes/tf30/index.php on line 3
[22-Sep-2019 03:10:49 UTC] PHP Parse error:  syntax error, unexpected ')' in /Users/sekinosatoru/coding_workspace/Local Sites/30days3rd/app/public/wp-content/themes/tf30/footer.php on line 36
[22-Sep-2019 03:10:50 UTC] PHP Parse error:  syntax error, unexpected ')' in /Users/sekinosatoru/coding_workspace/Local Sites/30days3rd/app/public/wp-content/themes/tf30/footer.php on line 36
[22-Sep-2019 03:11:53 UTC] PHP Parse error:  syntax error, unexpected '>', expecting elseif (T_ELSEIF) or else (T_ELSE) or endif (T_ENDIF) in /Users/sekinosatoru/coding_workspace/Local Sites/30days3rd/app/public/wp-content/themes/tf30/footer.php on line 36
[22-Sep-2019 03:11:53 UTC] PHP Parse error:  syntax error, unexpected '>', expecting elseif (T_ELSEIF) or else (T_ELSE) or endif (T_ENDIF) in /Users/sekinosatoru/coding_workspace/Local Sites/30days3rd/app/public/wp-content/themes/tf30/footer.php on line 36
[22-Sep-2019 03:11:54 UTC] PHP Parse error:  syntax error, unexpected '>', expecting elseif (T_ELSEIF) or else (T_ELSE) or endif (T_ENDIF) in /Users/sekinosatoru/coding_workspace/Local Sites/30days3rd/app/public/wp-content/themes/tf30/footer.php on line 36
[22-Sep-2019 03:11:54 UTC] PHP Parse error:  syntax error, unexpected '>', expecting elseif (T_ELSEIF) or else (T_ELSE) or endif (T_ENDIF) in /Users/sekinosatoru/coding_workspace/Local Sites/30days3rd/app/public/wp-content/themes/tf30/footer.php on line 36
[22-Sep-2019 03:12:11 UTC] PHP Parse error:  syntax error, unexpected '>', expecting ';' in /Users/sekinosatoru/coding_workspace/Local Sites/30days3rd/app/public/wp-content/themes/tf30/footer.php on line 68
[22-Sep-2019 03:12:11 UTC] PHP Parse error:  syntax error, unexpected '>', expecting ';' in /Users/sekinosatoru/coding_workspace/Local Sites/30days3rd/app/public/wp-content/themes/tf30/footer.php on line 68
[22-Sep-2019 03:12:13 UTC] PHP Parse error:  syntax error, unexpected '>', expecting ';' in /Users/sekinosatoru/coding_workspace/Local Sites/30days3rd/app/public/wp-content/themes/tf30/footer.php on line 68
[22-Sep-2019 03:12:14 UTC] PHP Parse error:  syntax error, unexpected '>', expecting ';' in /Users/sekinosatoru/coding_workspace/Local Sites/30days3rd/app/public/wp-content/themes/tf30/footer.php on line 68
[22-Sep-2019 03:23:48 UTC] PHP Parse error:  syntax error, unexpected end of file in /Users/sekinosatoru/coding_workspace/Local Sites/30days3rd/app/public/wp-content/themes/tf30/page.php on line 61
[22-Sep-2019 03:23:48 UTC] PHP Parse error:  syntax error, unexpected end of file in /Users/sekinosatoru/coding_workspace/Local Sites/30days3rd/app/public/wp-content/themes/tf30/page.php on line 61
[22-Sep-2019 03:24:22 UTC] PHP Parse error:  syntax error, unexpected end of file in /Users/sekinosatoru/coding_workspace/Local Sites/30days3rd/app/public/wp-content/themes/tf30/page.php on line 60
[22-Sep-2019 03:24:22 UTC] PHP Parse error:  syntax error, unexpected end of file in /Users/sekinosatoru/coding_workspace/Local Sites/30days3rd/app/public/wp-content/themes/tf30/page.php on line 60
[22-Sep-2019 04:55:29 UTC] PHP Warning:  count(): Parameter must be an array or an object that implements Countable in /Users/sekinosatoru/coding_workspace/Local Sites/30days3rd/app/public/wp-includes/post-template.php on line 310
[22-Sep-2019 04:55:29 UTC] PHP Stack trace:
[22-Sep-2019 04:55:29 UTC] PHP   1. {main}() /Users/sekinosatoru/coding_workspace/Local Sites/30days3rd/app/public/index.php:0
[22-Sep-2019 04:55:29 UTC] PHP   2. require() /Users/sekinosatoru/coding_workspace/Local Sites/30days3rd/app/public/index.php:17
[22-Sep-2019 04:55:29 UTC] PHP   3. require_once() /Users/sekinosatoru/coding_workspace/Local Sites/30days3rd/app/public/wp-blog-header.php:19
[22-Sep-2019 04:55:29 UTC] PHP   4. include() /Users/sekinosatoru/coding_workspace/Local Sites/30days3rd/app/public/wp-includes/template-loader.php:78
[22-Sep-2019 04:55:29 UTC] PHP   5. the_content() /Users/sekinosatoru/coding_workspace/Local Sites/30days3rd/app/public/wp-content/themes/tf30/page.php:37
[22-Sep-2019 04:55:29 UTC] PHP   6. get_the_content() /Users/sekinosatoru/coding_workspace/Local Sites/30days3rd/app/public/wp-includes/post-template.php:238
[22-Sep-2019 04:55:29 UTC] PHP Warning:  count(): Parameter must be an array or an object that implements Countable in /Users/sekinosatoru/coding_workspace/Local Sites/30days3rd/app/public/wp-includes/post-template.php on line 310
[22-Sep-2019 04:55:29 UTC] PHP Stack trace:
[22-Sep-2019 04:55:29 UTC] PHP   1. {main}() /Users/sekinosatoru/coding_workspace/Local Sites/30days3rd/app/public/index.php:0
[22-Sep-2019 04:55:29 UTC] PHP   2. require() /Users/sekinosatoru/coding_workspace/Local Sites/30days3rd/app/public/index.php:17
[22-Sep-2019 04:55:29 UTC] PHP   3. require_once() /Users/sekinosatoru/coding_workspace/Local Sites/30days3rd/app/public/wp-blog-header.php:19
[22-Sep-2019 04:55:29 UTC] PHP   4. include() /Users/sekinosatoru/coding_workspace/Local Sites/30days3rd/app/public/wp-includes/template-loader.php:78
[22-Sep-2019 04:55:29 UTC] PHP   5. the_content() /Users/sekinosatoru/coding_workspace/Local Sites/30days3rd/app/public/wp-content/themes/tf30/page.php:37
[22-Sep-2019 04:55:29 UTC] PHP   6. get_the_content() /Users/sekinosatoru/coding_workspace/Local Sites/30days3rd/app/public/wp-includes/post-template.php:238
[22-Sep-2019 04:56:36 UTC] PHP Warning:  count(): Parameter must be an array or an object that implements Countable in /Users/sekinosatoru/coding_workspace/Local Sites/30days3rd/app/public/wp-includes/post-template.php on line 310
[22-Sep-2019 04:56:36 UTC] PHP Stack trace:
[22-Sep-2019 04:56:36 UTC] PHP   1. {main}() /Users/sekinosatoru/coding_workspace/Local Sites/30days3rd/app/public/index.php:0
[22-Sep-2019 04:56:36 UTC] PHP   2. require() /Users/sekinosatoru/coding_workspace/Local Sites/30days3rd/app/public/index.php:17
[22-Sep-2019 04:56:36 UTC] PHP   3. require_once() /Users/sekinosatoru/coding_workspace/Local Sites/30days3rd/app/public/wp-blog-header.php:19
[22-Sep-2019 04:56:36 UTC] PHP   4. include() /Users/sekinosatoru/coding_workspace/Local Sites/30days3rd/app/public/wp-includes/template-loader.php:78
[22-Sep-2019 04:56:36 UTC] PHP   5. the_content() /Users/sekinosatoru/coding_workspace/Local Sites/30days3rd/app/public/wp-content/themes/tf30/page.php:37
[22-Sep-2019 04:56:36 UTC] PHP   6. get_the_content() /Users/sekinosatoru/coding_workspace/Local Sites/30days3rd/app/public/wp-includes/post-template.php:238
[22-Sep-2019 04:56:36 UTC] PHP Warning:  count(): Parameter must be an array or an object that implements Countable in /Users/sekinosatoru/coding_workspace/Local Sites/30days3rd/app/public/wp-includes/post-template.php on line 310
[22-Sep-2019 04:56:36 UTC] PHP Stack trace:
[22-Sep-2019 04:56:36 UTC] PHP   1. {main}() /Users/sekinosatoru/coding_workspace/Local Sites/30days3rd/app/public/index.php:0
[22-Sep-2019 04:56:36 UTC] PHP   2. require() /Users/sekinosatoru/coding_workspace/Local Sites/30days3rd/app/public/index.php:17
[22-Sep-2019 04:56:36 UTC] PHP   3. require_once() /Users/sekinosatoru/coding_workspace/Local Sites/30days3rd/app/public/wp-blog-header.php:19
[22-Sep-2019 04:56:36 UTC] PHP   4. include() /Users/sekinosatoru/coding_workspace/Local Sites/30days3rd/app/public/wp-includes/template-loader.php:78
[22-Sep-2019 04:56:36 UTC] PHP   5. the_content() /Users/sekinosatoru/coding_workspace/Local Sites/30days3rd/app/public/wp-content/themes/tf30/page.php:37
[22-Sep-2019 04:56:36 UTC] PHP   6. get_the_content() /Users/sekinosatoru/coding_workspace/Local Sites/30days3rd/app/public/wp-includes/post-template.php:238
[22-Sep-2019 04:58:14 UTC] PHP Warning:  count(): Parameter must be an array or an object that implements Countable in /Users/sekinosatoru/coding_workspace/Local Sites/30days3rd/app/public/wp-includes/post-template.php on line 310
[22-Sep-2019 04:58:14 UTC] PHP Stack trace:
[22-Sep-2019 04:58:14 UTC] PHP   1. {main}() /Users/sekinosatoru/coding_workspace/Local Sites/30days3rd/app/public/index.php:0
[22-Sep-2019 04:58:14 UTC] PHP   2. require() /Users/sekinosatoru/coding_workspace/Local Sites/30days3rd/app/public/index.php:17
[22-Sep-2019 04:58:14 UTC] PHP   3. require_once() /Users/sekinosatoru/coding_workspace/Local Sites/30days3rd/app/public/wp-blog-header.php:19
[22-Sep-2019 04:58:14 UTC] PHP   4. include() /Users/sekinosatoru/coding_workspace/Local Sites/30days3rd/app/public/wp-includes/template-loader.php:78
[22-Sep-2019 04:58:14 UTC] PHP   5. the_content() /Users/sekinosatoru/coding_workspace/Local Sites/30days3rd/app/public/wp-content/themes/tf30/page.php:37
[22-Sep-2019 04:58:14 UTC] PHP   6. get_the_content() /Users/sekinosatoru/coding_workspace/Local Sites/30days3rd/app/public/wp-includes/post-template.php:238
[22-Sep-2019 04:58:15 UTC] PHP Warning:  count(): Parameter must be an array or an object that implements Countable in /Users/sekinosatoru/coding_workspace/Local Sites/30days3rd/app/public/wp-includes/post-template.php on line 310
[22-Sep-2019 04:58:15 UTC] PHP Stack trace:
[22-Sep-2019 04:58:15 UTC] PHP   1. {main}() /Users/sekinosatoru/coding_workspace/Local Sites/30days3rd/app/public/index.php:0
[22-Sep-2019 04:58:15 UTC] PHP   2. require() /Users/sekinosatoru/coding_workspace/Local Sites/30days3rd/app/public/index.php:17
[22-Sep-2019 04:58:15 UTC] PHP   3. require_once() /Users/sekinosatoru/coding_workspace/Local Sites/30days3rd/app/public/wp-blog-header.php:19
[22-Sep-2019 04:58:15 UTC] PHP   4. include() /Users/sekinosatoru/coding_workspace/Local Sites/30days3rd/app/public/wp-includes/template-loader.php:78
[22-Sep-2019 04:58:15 UTC] PHP   5. the_content() /Users/sekinosatoru/coding_workspace/Local Sites/30days3rd/app/public/wp-content/themes/tf30/page.php:37
[22-Sep-2019 04:58:15 UTC] PHP   6. get_the_content() /Users/sekinosatoru/coding_workspace/Local Sites/30days3rd/app/public/wp-includes/post-template.php:238
[22-Sep-2019 04:58:38 UTC] PHP Warning:  count(): Parameter must be an array or an object that implements Countable in /Users/sekinosatoru/coding_workspace/Local Sites/30days3rd/app/public/wp-includes/post-template.php on line 310
[22-Sep-2019 04:58:38 UTC] PHP Stack trace:
[22-Sep-2019 04:58:38 UTC] PHP   1. {main}() /Users/sekinosatoru/coding_workspace/Local Sites/30days3rd/app/public/index.php:0
[22-Sep-2019 04:58:38 UTC] PHP   2. require() /Users/sekinosatoru/coding_workspace/Local Sites/30days3rd/app/public/index.php:17
[22-Sep-2019 04:58:38 UTC] PHP   3. require_once() /Users/sekinosatoru/coding_workspace/Local Sites/30days3rd/app/public/wp-blog-header.php:19
[22-Sep-2019 04:58:38 UTC] PHP   4. include() /Users/sekinosatoru/coding_workspace/Local Sites/30days3rd/app/public/wp-includes/template-loader.php:78
[22-Sep-2019 04:58:38 UTC] PHP   5. the_content() /Users/sekinosatoru/coding_workspace/Local Sites/30days3rd/app/public/wp-content/themes/tf30/page.php:37
[22-Sep-2019 04:58:38 UTC] PHP   6. get_the_content() /Users/sekinosatoru/coding_workspace/Local Sites/30days3rd/app/public/wp-includes/post-template.php:238
[22-Sep-2019 04:58:38 UTC] PHP Warning:  count(): Parameter must be an array or an object that implements Countable in /Users/sekinosatoru/coding_workspace/Local Sites/30days3rd/app/public/wp-includes/post-template.php on line 310
[22-Sep-2019 04:58:38 UTC] PHP Stack trace:
[22-Sep-2019 04:58:38 UTC] PHP   1. {main}() /Users/sekinosatoru/coding_workspace/Local Sites/30days3rd/app/public/index.php:0
[22-Sep-2019 04:58:38 UTC] PHP   2. require() /Users/sekinosatoru/coding_workspace/Local Sites/30days3rd/app/public/index.php:17
[22-Sep-2019 04:58:38 UTC] PHP   3. require_once() /Users/sekinosatoru/coding_workspace/Local Sites/30days3rd/app/public/wp-blog-header.php:19
[22-Sep-2019 04:58:38 UTC] PHP   4. include() /Users/sekinosatoru/coding_workspace/Local Sites/30days3rd/app/public/wp-includes/template-loader.php:78
[22-Sep-2019 04:58:38 UTC] PHP   5. the_content() /Users/sekinosatoru/coding_workspace/Local Sites/30days3rd/app/public/wp-content/themes/tf30/page.php:37
[22-Sep-2019 04:58:38 UTC] PHP   6. get_the_content() /Users/sekinosatoru/coding_workspace/Local Sites/30days3rd/app/public/wp-includes/post-template.php:238
[22-Sep-2019 05:02:38 UTC] PHP Warning:  count(): Parameter must be an array or an object that implements Countable in /Users/sekinosatoru/coding_workspace/Local Sites/30days3rd/app/public/wp-includes/post-template.php on line 310
[22-Sep-2019 05:02:38 UTC] PHP Stack trace:
[22-Sep-2019 05:02:38 UTC] PHP   1. {main}() /Users/sekinosatoru/coding_workspace/Local Sites/30days3rd/app/public/index.php:0
[22-Sep-2019 05:02:38 UTC] PHP   2. require() /Users/sekinosatoru/coding_workspace/Local Sites/30days3rd/app/public/index.php:17
[22-Sep-2019 05:02:38 UTC] PHP   3. require_once() /Users/sekinosatoru/coding_workspace/Local Sites/30days3rd/app/public/wp-blog-header.php:19
[22-Sep-2019 05:02:38 UTC] PHP   4. include() /Users/sekinosatoru/coding_workspace/Local Sites/30days3rd/app/public/wp-includes/template-loader.php:78
[22-Sep-2019 05:02:38 UTC] PHP   5. the_content() /Users/sekinosatoru/coding_workspace/Local Sites/30days3rd/app/public/wp-content/themes/tf30/page.php:37
[22-Sep-2019 05:02:38 UTC] PHP   6. get_the_content() /Users/sekinosatoru/coding_workspace/Local Sites/30days3rd/app/public/wp-includes/post-template.php:238
[22-Sep-2019 05:02:38 UTC] PHP Warning:  count(): Parameter must be an array or an object that implements Countable in /Users/sekinosatoru/coding_workspace/Local Sites/30days3rd/app/public/wp-includes/post-template.php on line 310
[22-Sep-2019 05:02:38 UTC] PHP Stack trace:
[22-Sep-2019 05:02:38 UTC] PHP   1. {main}() /Users/sekinosatoru/coding_workspace/Local Sites/30days3rd/app/public/index.php:0
[22-Sep-2019 05:02:38 UTC] PHP   2. require() /Users/sekinosatoru/coding_workspace/Local Sites/30days3rd/app/public/index.php:17
[22-Sep-2019 05:02:38 UTC] PHP   3. require_once() /Users/sekinosatoru/coding_workspace/Local Sites/30days3rd/app/public/wp-blog-header.php:19
[22-Sep-2019 05:02:38 UTC] PHP   4. include() /Users/sekinosatoru/coding_workspace/Local Sites/30days3rd/app/public/wp-includes/template-loader.php:78
[22-Sep-2019 05:02:38 UTC] PHP   5. the_content() /Users/sekinosatoru/coding_workspace/Local Sites/30days3rd/app/public/wp-content/themes/tf30/page.php:37
[22-Sep-2019 05:02:38 UTC] PHP   6. get_the_content() /Users/sekinosatoru/coding_workspace/Local Sites/30days3rd/app/public/wp-includes/post-template.php:238
[22-Sep-2019 05:03:20 UTC] PHP Warning:  count(): Parameter must be an array or an object that implements Countable in /Users/sekinosatoru/coding_workspace/Local Sites/30days3rd/app/public/wp-includes/post-template.php on line 310
[22-Sep-2019 05:03:20 UTC] PHP Stack trace:
[22-Sep-2019 05:03:20 UTC] PHP   1. {main}() /Users/sekinosatoru/coding_workspace/Local Sites/30days3rd/app/public/index.php:0
[22-Sep-2019 05:03:20 UTC] PHP   2. require() /Users/sekinosatoru/coding_workspace/Local Sites/30days3rd/app/public/index.php:17
[22-Sep-2019 05:03:20 UTC] PHP   3. require_once() /Users/sekinosatoru/coding_workspace/Local Sites/30days3rd/app/public/wp-blog-header.php:19
[22-Sep-2019 05:03:20 UTC] PHP   4. include() /Users/sekinosatoru/coding_workspace/Local Sites/30days3rd/app/public/wp-includes/template-loader.php:78
[22-Sep-2019 05:03:20 UTC] PHP   5. the_content() /Users/sekinosatoru/coding_workspace/Local Sites/30days3rd/app/public/wp-content/themes/tf30/page.php:37
[22-Sep-2019 05:03:20 UTC] PHP   6. get_the_content() /Users/sekinosatoru/coding_workspace/Local Sites/30days3rd/app/public/wp-includes/post-template.php:238
[22-Sep-2019 05:03:20 UTC] PHP Warning:  count(): Parameter must be an array or an object that implements Countable in /Users/sekinosatoru/coding_workspace/Local Sites/30days3rd/app/public/wp-includes/post-template.php on line 310
[22-Sep-2019 05:03:20 UTC] PHP Stack trace:
[22-Sep-2019 05:03:20 UTC] PHP   1. {main}() /Users/sekinosatoru/coding_workspace/Local Sites/30days3rd/app/public/index.php:0
[22-Sep-2019 05:03:20 UTC] PHP   2. require() /Users/sekinosatoru/coding_workspace/Local Sites/30days3rd/app/public/index.php:17
[22-Sep-2019 05:03:20 UTC] PHP   3. require_once() /Users/sekinosatoru/coding_workspace/Local Sites/30days3rd/app/public/wp-blog-header.php:19
[22-Sep-2019 05:03:20 UTC] PHP   4. include() /Users/sekinosatoru/coding_workspace/Local Sites/30days3rd/app/public/wp-includes/template-loader.php:78
[22-Sep-2019 05:03:20 UTC] PHP   5. the_content() /Users/sekinosatoru/coding_workspace/Local Sites/30days3rd/app/public/wp-content/themes/tf30/page.php:37
[22-Sep-2019 05:03:20 UTC] PHP   6. get_the_content() /Users/sekinosatoru/coding_workspace/Local Sites/30days3rd/app/public/wp-includes/post-template.php:238
[22-Sep-2019 06:22:37 UTC] PHP Fatal error:  Cannot redeclare my_the_post_category() (previously declared in /Users/sekinosatoru/coding_workspace/Local Sites/30days3rd/app/public/wp-content/themes/tf30/functions.php:115) in /Users/sekinosatoru/coding_workspace/Local Sites/30days3rd/app/public/wp-content/themes/tf30/functions.php on line 135
[22-Sep-2019 06:22:37 UTC] PHP Stack trace:
[22-Sep-2019 06:22:37 UTC] PHP   1. {main}() /Users/sekinosatoru/coding_workspace/Local Sites/30days3rd/app/public/wp-admin/admin-ajax.php:0
[22-Sep-2019 06:22:37 UTC] PHP   2. require_once() /Users/sekinosatoru/coding_workspace/Local Sites/30days3rd/app/public/wp-admin/admin-ajax.php:22
[22-Sep-2019 06:22:37 UTC] PHP   3. require_once() /Users/sekinosatoru/coding_workspace/Local Sites/30days3rd/app/public/wp-load.php:37
[22-Sep-2019 06:22:37 UTC] PHP   4. require_once() /Users/sekinosatoru/coding_workspace/Local Sites/30days3rd/app/public/wp-config.php:77
[22-Sep-2019 06:24:37 UTC] PHP Parse error:  syntax error, unexpected '<', expecting end of file in /Users/sekinosatoru/coding_workspace/Local Sites/30days3rd/app/public/wp-content/themes/tf30/functions.php on line 140
[22-Sep-2019 06:26:45 UTC] PHP Parse error:  syntax error, unexpected 'entry' (T_STRING), expecting ',' or ';' in /Users/sekinosatoru/coding_workspace/Local Sites/30days3rd/app/public/wp-content/themes/tf30/functions.php on line 137
[22-Sep-2019 06:28:46 UTC] PHP Parse error:  syntax error, unexpected 'entry' (T_STRING), expecting ',' or ';' in /Users/sekinosatoru/coding_workspace/Local Sites/30days3rd/app/public/wp-content/themes/tf30/functions.php on line 137
[22-Sep-2019 06:30:51 UTC] PHP Parse error:  syntax error, unexpected '<', expecting end of file in /Users/sekinosatoru/coding_workspace/Local Sites/30days3rd/app/public/wp-content/themes/tf30/functions.php on line 147
[22-Sep-2019 06:32:53 UTC] PHP Parse error:  syntax error, unexpected 'echo' (T_ECHO) in /Users/sekinosatoru/coding_workspace/Local Sites/30days3rd/app/public/wp-content/themes/tf30/functions.php on line 137
[22-Sep-2019 06:34:53 UTC] PHP Parse error:  syntax error, unexpected '<', expecting end of file in /Users/sekinosatoru/coding_workspace/Local Sites/30days3rd/app/public/wp-content/themes/tf30/functions.php on line 143
[22-Sep-2019 06:36:56 UTC] PHP Parse error:  syntax error, unexpected '<', expecting end of file in /Users/sekinosatoru/coding_workspace/Local Sites/30days3rd/app/public/wp-content/themes/tf30/functions.php on line 143
[22-Sep-2019 06:37:19 UTC] PHP Parse error:  syntax error, unexpected '<', expecting end of file in /Users/sekinosatoru/coding_workspace/Local Sites/30days3rd/app/public/wp-content/themes/tf30/functions.php on line 143
[22-Sep-2019 06:37:20 UTC] PHP Parse error:  syntax error, unexpected '<', expecting end of file in /Users/sekinosatoru/coding_workspace/Local Sites/30days3rd/app/public/wp-content/themes/tf30/functions.php on line 143
[22-Sep-2019 06:37:34 UTC] PHP Parse error:  syntax error, unexpected '<', expecting end of file in /Users/sekinosatoru/coding_workspace/Local Sites/30days3rd/app/public/wp-content/themes/tf30/functions.php on line 143
[22-Sep-2019 06:37:34 UTC] PHP Parse error:  syntax error, unexpected '<', expecting end of file in /Users/sekinosatoru/coding_workspace/Local Sites/30days3rd/app/public/wp-content/themes/tf30/functions.php on line 143
[22-Sep-2019 06:37:35 UTC] PHP Parse error:  syntax error, unexpected '<', expecting end of file in /Users/sekinosatoru/coding_workspace/Local Sites/30days3rd/app/public/wp-content/themes/tf30/functions.php on line 143
[22-Sep-2019 06:37:35 UTC] PHP Parse error:  syntax error, unexpected '<', expecting end of file in /Users/sekinosatoru/coding_workspace/Local Sites/30days3rd/app/public/wp-content/themes/tf30/functions.php on line 143
[22-Sep-2019 06:37:41 UTC] PHP Parse error:  syntax error, unexpected '<', expecting end of file in /Users/sekinosatoru/coding_workspace/Local Sites/30days3rd/app/public/wp-content/themes/tf30/functions.php on line 143
[22-Sep-2019 06:37:41 UTC] PHP Parse error:  syntax error, unexpected '<', expecting end of file in /Users/sekinosatoru/coding_workspace/Local Sites/30days3rd/app/public/wp-content/themes/tf30/functions.php on line 143
[22-Sep-2019 07:04:23 UTC] PHP Parse error:  syntax error, unexpected ';', expecting ')' in /Users/sekinosatoru/coding_workspace/Local Sites/30days3rd/app/public/wp-content/themes/tf30/template-parts/pickup.php on line 8
[22-Sep-2019 07:04:23 UTC] PHP Parse error:  syntax error, unexpected ';', expecting ')' in /Users/sekinosatoru/coding_workspace/Local Sites/30days3rd/app/public/wp-content/themes/tf30/template-parts/pickup.php on line 8
[22-Sep-2019 13:12:46 UTC] PHP Fatal error:  Uncaught Error: Call to undefined function get_the_tag() in /Users/sekinosatoru/coding_workspace/Local Sites/30days3rd/app/public/wp-content/themes/tf30/template-parts/pickup.php:6
Stack trace:
#0 /Users/sekinosatoru/coding_workspace/Local Sites/30days3rd/app/public/wp-includes/template.php(724): require()
#1 /Users/sekinosatoru/coding_workspace/Local Sites/30days3rd/app/public/wp-includes/template.php(671): load_template('/Users/sekinosa...', false)
#2 /Users/sekinosatoru/coding_workspace/Local Sites/30days3rd/app/public/wp-includes/general-template.php(168): locate_template(Array, true, false)
#3 /Users/sekinosatoru/coding_workspace/Local Sites/30days3rd/app/public/wp-content/themes/tf30/index.php(5): get_template_part('template-parts/...')
#4 /Users/sekinosatoru/coding_workspace/Local Sites/30days3rd/app/public/wp-includes/template-loader.php(78): include('/Users/sekinosa...')
#5 /Users/sekinosatoru/coding_workspace/Local Sites/30days3rd/app/public/wp-blog-header.php(19): require_once('/Users/sekinosa...') in /Users/sekinosatoru/coding_workspace/Local Sites/30days3rd/app/public/wp-content/themes/tf30/template-parts/pickup.php on line 6
[22-Sep-2019 13:12:46 UTC] PHP Fatal error:  Uncaught Error: Call to undefined function get_the_tag() in /Users/sekinosatoru/coding_workspace/Local Sites/30days3rd/app/public/wp-content/themes/tf30/template-parts/pickup.php:6
Stack trace:
#0 /Users/sekinosatoru/coding_workspace/Local Sites/30days3rd/app/public/wp-includes/template.php(724): require()
#1 /Users/sekinosatoru/coding_workspace/Local Sites/30days3rd/app/public/wp-includes/template.php(671): load_template('/Users/sekinosa...', false)
#2 /Users/sekinosatoru/coding_workspace/Local Sites/30days3rd/app/public/wp-includes/general-template.php(168): locate_template(Array, true, false)
#3 /Users/sekinosatoru/coding_workspace/Local Sites/30days3rd/app/public/wp-content/themes/tf30/index.php(5): get_template_part('template-parts/...')
#4 /Users/sekinosatoru/coding_workspace/Local Sites/30days3rd/app/public/wp-includes/template-loader.php(78): include('/Users/sekinosa...')
#5 /Users/sekinosatoru/coding_workspace/Local Sites/30days3rd/app/public/wp-blog-header.php(19): require_once('/Users/sekinosa...') in /Users/sekinosatoru/coding_workspace/Local Sites/30days3rd/app/public/wp-content/themes/tf30/template-parts/pickup.php on line 6
[22-Sep-2019 13:13:49 UTC] PHP Fatal error:  Uncaught Error: Call to undefined function get_the_tag() in /Users/sekinosatoru/coding_workspace/Local Sites/30days3rd/app/public/wp-content/themes/tf30/single.php:5
Stack trace:
#0 /Users/sekinosatoru/coding_workspace/Local Sites/30days3rd/app/public/wp-includes/template-loader.php(78): include()
#1 /Users/sekinosatoru/coding_workspace/Local Sites/30days3rd/app/public/wp-blog-header.php(19): require_once('/Users/sekinosa...')
#2 /Users/sekinosatoru/coding_workspace/Local Sites/30days3rd/app/public/index.php(17): require('/Users/sekinosa...')
#3 {main}
  thrown in /Users/sekinosatoru/coding_workspace/Local Sites/30days3rd/app/public/wp-content/themes/tf30/single.php on line 5
[22-Sep-2019 13:13:49 UTC] PHP Fatal error:  Uncaught Error: Call to undefined function get_the_tag() in /Users/sekinosatoru/coding_workspace/Local Sites/30days3rd/app/public/wp-content/themes/tf30/single.php:5
Stack trace:
#0 /Users/sekinosatoru/coding_workspace/Local Sites/30days3rd/app/public/wp-includes/template-loader.php(78): include()
#1 /Users/sekinosatoru/coding_workspace/Local Sites/30days3rd/app/public/wp-blog-header.php(19): require_once('/Users/sekinosa...')
#2 /Users/sekinosatoru/coding_workspace/Local Sites/30days3rd/app/public/index.php(17): require('/Users/sekinosa...')
#3 {main}
  thrown in /Users/sekinosatoru/coding_workspace/Local Sites/30days3rd/app/public/wp-content/themes/tf30/single.php on line 5
[22-Sep-2019 13:17:21 UTC] PHP Fatal error:  Uncaught Error: Call to undefined function get_the_tag() in /Users/sekinosatoru/coding_workspace/Local Sites/30days3rd/app/public/wp-content/themes/tf30/single.php:115
Stack trace:
#0 /Users/sekinosatoru/coding_workspace/Local Sites/30days3rd/app/public/wp-includes/template-loader.php(78): include()
#1 /Users/sekinosatoru/coding_workspace/Local Sites/30days3rd/app/public/wp-blog-header.php(19): require_once('/Users/sekinosa...')
#2 /Users/sekinosatoru/coding_workspace/Local Sites/30days3rd/app/public/index.php(17): require('/Users/sekinosa...')
#3 {main}
  thrown in /Users/sekinosatoru/coding_workspace/Local Sites/30days3rd/app/public/wp-content/themes/tf30/single.php on line 115
[22-Sep-2019 13:17:21 UTC] PHP Fatal error:  Uncaught Error: Call to undefined function get_the_tag() in /Users/sekinosatoru/coding_workspace/Local Sites/30days3rd/app/public/wp-content/themes/tf30/single.php:115
Stack trace:
#0 /Users/sekinosatoru/coding_workspace/Local Sites/30days3rd/app/public/wp-includes/template-loader.php(78): include()
#1 /Users/sekinosatoru/coding_workspace/Local Sites/30days3rd/app/public/wp-blog-header.php(19): require_once('/Users/sekinosa...')
#2 /Users/sekinosatoru/coding_workspace/Local Sites/30days3rd/app/public/index.php(17): require('/Users/sekinosa...')
#3 {main}
  thrown in /Users/sekinosatoru/coding_workspace/Local Sites/30days3rd/app/public/wp-content/themes/tf30/single.php on line 115
[22-Sep-2019 13:18:06 UTC] PHP Fatal error:  Uncaught Error: Call to undefined function ver_dump() in /Users/sekinosatoru/coding_workspace/Local Sites/30days3rd/app/public/wp-content/themes/tf30/single.php:116
Stack trace:
#0 /Users/sekinosatoru/coding_workspace/Local Sites/30days3rd/app/public/wp-includes/template-loader.php(78): include()
#1 /Users/sekinosatoru/coding_workspace/Local Sites/30days3rd/app/public/wp-blog-header.php(19): require_once('/Users/sekinosa...')
#2 /Users/sekinosatoru/coding_workspace/Local Sites/30days3rd/app/public/index.php(17): require('/Users/sekinosa...')
#3 {main}
  thrown in /Users/sekinosatoru/coding_workspace/Local Sites/30days3rd/app/public/wp-content/themes/tf30/single.php on line 116
[22-Sep-2019 13:18:06 UTC] PHP Fatal error:  Uncaught Error: Call to undefined function ver_dump() in /Users/sekinosatoru/coding_workspace/Local Sites/30days3rd/app/public/wp-content/themes/tf30/single.php:116
Stack trace:
#0 /Users/sekinosatoru/coding_workspace/Local Sites/30days3rd/app/public/wp-includes/template-loader.php(78): include()
#1 /Users/sekinosatoru/coding_workspace/Local Sites/30days3rd/app/public/wp-blog-header.php(19): require_once('/Users/sekinosa...')
#2 /Users/sekinosatoru/coding_workspace/Local Sites/30days3rd/app/public/index.php(17): require('/Users/sekinosa...')
#3 {main}
  thrown in /Users/sekinosatoru/coding_workspace/Local Sites/30days3rd/app/public/wp-content/themes/tf30/single.php on line 116
[22-Sep-2019 13:18:18 UTC] PHP Fatal error:  Uncaught Error: Call to undefined function ver_dump() in /Users/sekinosatoru/coding_workspace/Local Sites/30days3rd/app/public/wp-content/themes/tf30/single.php:116
Stack trace:
#0 /Users/sekinosatoru/coding_workspace/Local Sites/30days3rd/app/public/wp-includes/template-loader.php(78): include()
#1 /Users/sekinosatoru/coding_workspace/Local Sites/30days3rd/app/public/wp-blog-header.php(19): require_once('/Users/sekinosa...')
#2 /Users/sekinosatoru/coding_workspace/Local Sites/30days3rd/app/public/index.php(17): require('/Users/sekinosa...')
#3 {main}
  thrown in /Users/sekinosatoru/coding_workspace/Local Sites/30days3rd/app/public/wp-content/themes/tf30/single.php on line 116
[22-Sep-2019 13:18:19 UTC] PHP Fatal error:  Uncaught Error: Call to undefined function ver_dump() in /Users/sekinosatoru/coding_workspace/Local Sites/30days3rd/app/public/wp-content/themes/tf30/single.php:116
Stack trace:
#0 /Users/sekinosatoru/coding_workspace/Local Sites/30days3rd/app/public/wp-includes/template-loader.php(78): include()
#1 /Users/sekinosatoru/coding_workspace/Local Sites/30days3rd/app/public/wp-blog-header.php(19): require_once('/Users/sekinosa...')
#2 /Users/sekinosatoru/coding_workspace/Local Sites/30days3rd/app/public/index.php(17): require('/Users/sekinosa...')
#3 {main}
  thrown in /Users/sekinosatoru/coding_workspace/Local Sites/30days3rd/app/public/wp-content/themes/tf30/single.php on line 116
[22-Sep-2019 13:18:27 UTC] PHP Fatal error:  Uncaught Error: Call to undefined function ver_dump() in /Users/sekinosatoru/coding_workspace/Local Sites/30days3rd/app/public/wp-content/themes/tf30/single.php:116
Stack trace:
#0 /Users/sekinosatoru/coding_workspace/Local Sites/30days3rd/app/public/wp-includes/template-loader.php(78): include()
#1 /Users/sekinosatoru/coding_workspace/Local Sites/30days3rd/app/public/wp-blog-header.php(19): require_once('/Users/sekinosa...')
#2 /Users/sekinosatoru/coding_workspace/Local Sites/30days3rd/app/public/index.php(17): require('/Users/sekinosa...')
#3 {main}
  thrown in /Users/sekinosatoru/coding_workspace/Local Sites/30days3rd/app/public/wp-content/themes/tf30/single.php on line 116
[22-Sep-2019 13:18:27 UTC] PHP Fatal error:  Uncaught Error: Call to undefined function ver_dump() in /Users/sekinosatoru/coding_workspace/Local Sites/30days3rd/app/public/wp-content/themes/tf30/single.php:116
Stack trace:
#0 /Users/sekinosatoru/coding_workspace/Local Sites/30days3rd/app/public/wp-includes/template-loader.php(78): include()
#1 /Users/sekinosatoru/coding_workspace/Local Sites/30days3rd/app/public/wp-blog-header.php(19): require_once('/Users/sekinosa...')
#2 /Users/sekinosatoru/coding_workspace/Local Sites/30days3rd/app/public/index.php(17): require('/Users/sekinosa...')
#3 {main}
  thrown in /Users/sekinosatoru/coding_workspace/Local Sites/30days3rd/app/public/wp-content/themes/tf30/single.php on line 116
[23-Sep-2019 13:16:04 UTC] PHP Parse error:  syntax error, unexpected end of file in /Users/sekinosatoru/coding_workspace/Local Sites/30days3rd/app/public/wp-content/themes/tf30/functions.php on line 270
[23-Sep-2019 13:16:23 UTC] PHP Parse error:  syntax error, unexpected end of file in /Users/sekinosatoru/coding_workspace/Local Sites/30days3rd/app/public/wp-content/themes/tf30/functions.php on line 270
[23-Sep-2019 13:16:23 UTC] PHP Parse error:  syntax error, unexpected end of file in /Users/sekinosatoru/coding_workspace/Local Sites/30days3rd/app/public/wp-content/themes/tf30/functions.php on line 270
[23-Sep-2019 13:16:27 UTC] PHP Parse error:  syntax error, unexpected end of file in /Users/sekinosatoru/coding_workspace/Local Sites/30days3rd/app/public/wp-content/themes/tf30/functions.php on line 270
[23-Sep-2019 13:18:08 UTC] PHP Warning:  Illegal string offset 'link' in /Users/sekinosatoru/coding_workspace/Local Sites/30days3rd/app/public/wp-content/themes/tf30/functions.php on line 265
[23-Sep-2019 13:18:08 UTC] PHP Stack trace:
[23-Sep-2019 13:18:08 UTC] PHP   1. {main}() /Users/sekinosatoru/coding_workspace/Local Sites/30days3rd/app/public/index.php:0
[23-Sep-2019 13:18:08 UTC] PHP   2. require() /Users/sekinosatoru/coding_workspace/Local Sites/30days3rd/app/public/index.php:17
[23-Sep-2019 13:18:08 UTC] PHP   3. require_once() /Users/sekinosatoru/coding_workspace/Local Sites/30days3rd/app/public/wp-blog-header.php:19
[23-Sep-2019 13:18:08 UTC] PHP   4. include() /Users/sekinosatoru/coding_workspace/Local Sites/30days3rd/app/public/wp-includes/template-loader.php:78
[23-Sep-2019 13:18:08 UTC] PHP   5. my_shortcode() /Users/sekinosatoru/coding_workspace/Local Sites/30days3rd/app/public/wp-content/themes/tf30/index.php:7
[23-Sep-2019 13:18:09 UTC] PHP Warning:  Illegal string offset 'link' in /Users/sekinosatoru/coding_workspace/Local Sites/30days3rd/app/public/wp-content/themes/tf30/functions.php on line 265
[23-Sep-2019 13:18:09 UTC] PHP Stack trace:
[23-Sep-2019 13:18:09 UTC] PHP   1. {main}() /Users/sekinosatoru/coding_workspace/Local Sites/30days3rd/app/public/index.php:0
[23-Sep-2019 13:18:09 UTC] PHP   2. require() /Users/sekinosatoru/coding_workspace/Local Sites/30days3rd/app/public/index.php:17
[23-Sep-2019 13:18:09 UTC] PHP   3. require_once() /Users/sekinosatoru/coding_workspace/Local Sites/30days3rd/app/public/wp-blog-header.php:19
[23-Sep-2019 13:18:09 UTC] PHP   4. include() /Users/sekinosatoru/coding_workspace/Local Sites/30days3rd/app/public/wp-includes/template-loader.php:78
[23-Sep-2019 13:18:09 UTC] PHP   5. my_shortcode() /Users/sekinosatoru/coding_workspace/Local Sites/30days3rd/app/public/wp-content/themes/tf30/index.php:7
[23-Sep-2019 13:22:28 UTC] PHP Warning:  Use of undefined constant btn - assumed 'btn' (this will throw an Error in a future version of PHP) in /Users/sekinosatoru/coding_workspace/Local Sites/30days3rd/app/public/wp-content/themes/tf30/index.php on line 7
[23-Sep-2019 13:22:28 UTC] PHP Stack trace:
[23-Sep-2019 13:22:28 UTC] PHP   1. {main}() /Users/sekinosatoru/coding_workspace/Local Sites/30days3rd/app/public/index.php:0
[23-Sep-2019 13:22:28 UTC] PHP   2. require() /Users/sekinosatoru/coding_workspace/Local Sites/30days3rd/app/public/index.php:17
[23-Sep-2019 13:22:28 UTC] PHP   3. require_once() /Users/sekinosatoru/coding_workspace/Local Sites/30days3rd/app/public/wp-blog-header.php:19
[23-Sep-2019 13:22:28 UTC] PHP   4. include() /Users/sekinosatoru/coding_workspace/Local Sites/30days3rd/app/public/wp-includes/template-loader.php:78
[23-Sep-2019 13:22:28 UTC] PHP Warning:  Use of undefined constant btn - assumed 'btn' (this will throw an Error in a future version of PHP) in /Users/sekinosatoru/coding_workspace/Local Sites/30days3rd/app/public/wp-content/themes/tf30/index.php on line 7
[23-Sep-2019 13:22:28 UTC] PHP Stack trace:
[23-Sep-2019 13:22:28 UTC] PHP   1. {main}() /Users/sekinosatoru/coding_workspace/Local Sites/30days3rd/app/public/index.php:0
[23-Sep-2019 13:22:28 UTC] PHP   2. require() /Users/sekinosatoru/coding_workspace/Local Sites/30days3rd/app/public/index.php:17
[23-Sep-2019 13:22:28 UTC] PHP   3. require_once() /Users/sekinosatoru/coding_workspace/Local Sites/30days3rd/app/public/wp-blog-header.php:19
[23-Sep-2019 13:22:28 UTC] PHP   4. include() /Users/sekinosatoru/coding_workspace/Local Sites/30days3rd/app/public/wp-includes/template-loader.php:78
[23-Sep-2019 13:25:54 UTC] PHP Warning:  Illegal string offset 'link' in /Users/sekinosatoru/coding_workspace/Local Sites/30days3rd/app/public/wp-content/themes/tf30/functions.php on line 265
[23-Sep-2019 13:25:54 UTC] PHP Stack trace:
[23-Sep-2019 13:25:54 UTC] PHP   1. {main}() /Users/sekinosatoru/coding_workspace/Local Sites/30days3rd/app/public/index.php:0
[23-Sep-2019 13:25:54 UTC] PHP   2. require() /Users/sekinosatoru/coding_workspace/Local Sites/30days3rd/app/public/index.php:17
[23-Sep-2019 13:25:54 UTC] PHP   3. require_once() /Users/sekinosatoru/coding_workspace/Local Sites/30days3rd/app/public/wp-blog-header.php:19
[23-Sep-2019 13:25:54 UTC] PHP   4. include() /Users/sekinosatoru/coding_workspace/Local Sites/30days3rd/app/public/wp-includes/template-loader.php:78
[23-Sep-2019 13:25:54 UTC] PHP   5. do_shortcode() /Users/sekinosatoru/coding_workspace/Local Sites/30days3rd/app/public/wp-content/themes/tf30/index.php:7
[23-Sep-2019 13:25:54 UTC] PHP   6. preg_replace_callback() /Users/sekinosatoru/coding_workspace/Local Sites/30days3rd/app/public/wp-includes/shortcodes.php:199
[23-Sep-2019 13:25:54 UTC] PHP   7. do_shortcode_tag() /Users/sekinosatoru/coding_workspace/Local Sites/30days3rd/app/public/wp-includes/shortcodes.php:199
[23-Sep-2019 13:25:54 UTC] PHP   8. my_shortcode() /Users/sekinosatoru/coding_workspace/Local Sites/30days3rd/app/public/wp-includes/shortcodes.php:325
[23-Sep-2019 13:25:55 UTC] PHP Warning:  Illegal string offset 'link' in /Users/sekinosatoru/coding_workspace/Local Sites/30days3rd/app/public/wp-content/themes/tf30/functions.php on line 265
[23-Sep-2019 13:25:55 UTC] PHP Stack trace:
[23-Sep-2019 13:25:55 UTC] PHP   1. {main}() /Users/sekinosatoru/coding_workspace/Local Sites/30days3rd/app/public/index.php:0
[23-Sep-2019 13:25:55 UTC] PHP   2. require() /Users/sekinosatoru/coding_workspace/Local Sites/30days3rd/app/public/index.php:17
[23-Sep-2019 13:25:55 UTC] PHP   3. require_once() /Users/sekinosatoru/coding_workspace/Local Sites/30days3rd/app/public/wp-blog-header.php:19
[23-Sep-2019 13:25:55 UTC] PHP   4. include() /Users/sekinosatoru/coding_workspace/Local Sites/30days3rd/app/public/wp-includes/template-loader.php:78
[23-Sep-2019 13:25:55 UTC] PHP   5. do_shortcode() /Users/sekinosatoru/coding_workspace/Local Sites/30days3rd/app/public/wp-content/themes/tf30/index.php:7
[23-Sep-2019 13:25:55 UTC] PHP   6. preg_replace_callback() /Users/sekinosatoru/coding_workspace/Local Sites/30days3rd/app/public/wp-includes/shortcodes.php:199
[23-Sep-2019 13:25:55 UTC] PHP   7. do_shortcode_tag() /Users/sekinosatoru/coding_workspace/Local Sites/30days3rd/app/public/wp-includes/shortcodes.php:199
[23-Sep-2019 13:25:55 UTC] PHP   8. my_shortcode() /Users/sekinosatoru/coding_workspace/Local Sites/30days3rd/app/public/wp-includes/shortcodes.php:325
[23-Sep-2019 13:38:06 UTC] PHP Warning:  Illegal string offset 'link' in /Users/sekinosatoru/coding_workspace/Local Sites/30days3rd/app/public/wp-content/themes/tf30/functions.php on line 265
[23-Sep-2019 13:38:06 UTC] PHP Stack trace:
[23-Sep-2019 13:38:06 UTC] PHP   1. {main}() /Users/sekinosatoru/coding_workspace/Local Sites/30days3rd/app/public/index.php:0
[23-Sep-2019 13:38:06 UTC] PHP   2. require() /Users/sekinosatoru/coding_workspace/Local Sites/30days3rd/app/public/index.php:17
[23-Sep-2019 13:38:06 UTC] PHP   3. require_once() /Users/sekinosatoru/coding_workspace/Local Sites/30days3rd/app/public/wp-blog-header.php:19
[23-Sep-2019 13:38:06 UTC] PHP   4. include() /Users/sekinosatoru/coding_workspace/Local Sites/30days3rd/app/public/wp-includes/template-loader.php:78
[23-Sep-2019 13:38:06 UTC] PHP   5. do_shortcode() /Users/sekinosatoru/coding_workspace/Local Sites/30days3rd/app/public/wp-content/themes/tf30/index.php:7
[23-Sep-2019 13:38:06 UTC] PHP   6. preg_replace_callback() /Users/sekinosatoru/coding_workspace/Local Sites/30days3rd/app/public/wp-includes/shortcodes.php:199
[23-Sep-2019 13:38:06 UTC] PHP   7. do_shortcode_tag() /Users/sekinosatoru/coding_workspace/Local Sites/30days3rd/app/public/wp-includes/shortcodes.php:199
[23-Sep-2019 13:38:06 UTC] PHP   8. my_shortcode() /Users/sekinosatoru/coding_workspace/Local Sites/30days3rd/app/public/wp-includes/shortcodes.php:325
[23-Sep-2019 13:38:07 UTC] PHP Warning:  Illegal string offset 'link' in /Users/sekinosatoru/coding_workspace/Local Sites/30days3rd/app/public/wp-content/themes/tf30/functions.php on line 265
[23-Sep-2019 13:38:07 UTC] PHP Stack trace:
[23-Sep-2019 13:38:07 UTC] PHP   1. {main}() /Users/sekinosatoru/coding_workspace/Local Sites/30days3rd/app/public/index.php:0
[23-Sep-2019 13:38:07 UTC] PHP   2. require() /Users/sekinosatoru/coding_workspace/Local Sites/30days3rd/app/public/index.php:17
[23-Sep-2019 13:38:07 UTC] PHP   3. require_once() /Users/sekinosatoru/coding_workspace/Local Sites/30days3rd/app/public/wp-blog-header.php:19
[23-Sep-2019 13:38:07 UTC] PHP   4. include() /Users/sekinosatoru/coding_workspace/Local Sites/30days3rd/app/public/wp-includes/template-loader.php:78
[23-Sep-2019 13:38:07 UTC] PHP   5. do_shortcode() /Users/sekinosatoru/coding_workspace/Local Sites/30days3rd/app/public/wp-content/themes/tf30/index.php:7
[23-Sep-2019 13:38:07 UTC] PHP   6. preg_replace_callback() /Users/sekinosatoru/coding_workspace/Local Sites/30days3rd/app/public/wp-includes/shortcodes.php:199
[23-Sep-2019 13:38:07 UTC] PHP   7. do_shortcode_tag() /Users/sekinosatoru/coding_workspace/Local Sites/30days3rd/app/public/wp-includes/shortcodes.php:199
[23-Sep-2019 13:38:07 UTC] PHP   8. my_shortcode() /Users/sekinosatoru/coding_workspace/Local Sites/30days3rd/app/public/wp-includes/shortcodes.php:325
[23-Sep-2019 13:40:31 UTC] PHP Warning:  A non-numeric value encountered in /Users/sekinosatoru/coding_workspace/Local Sites/30days3rd/app/public/wp-content/themes/tf30/index.php on line 7
[23-Sep-2019 13:40:31 UTC] PHP Stack trace:
[23-Sep-2019 13:40:31 UTC] PHP   1. {main}() /Users/sekinosatoru/coding_workspace/Local Sites/30days3rd/app/public/index.php:0
[23-Sep-2019 13:40:31 UTC] PHP   2. require() /Users/sekinosatoru/coding_workspace/Local Sites/30days3rd/app/public/index.php:17
[23-Sep-2019 13:40:31 UTC] PHP   3. require_once() /Users/sekinosatoru/coding_workspace/Local Sites/30days3rd/app/public/wp-blog-header.php:19
[23-Sep-2019 13:40:31 UTC] PHP   4. include() /Users/sekinosatoru/coding_workspace/Local Sites/30days3rd/app/public/wp-includes/template-loader.php:78
[23-Sep-2019 13:40:31 UTC] PHP Warning:  A non-numeric value encountered in /Users/sekinosatoru/coding_workspace/Local Sites/30days3rd/app/public/wp-content/themes/tf30/index.php on line 7
[23-Sep-2019 13:40:31 UTC] PHP Stack trace:
[23-Sep-2019 13:40:31 UTC] PHP   1. {main}() /Users/sekinosatoru/coding_workspace/Local Sites/30days3rd/app/public/index.php:0
[23-Sep-2019 13:40:31 UTC] PHP   2. require() /Users/sekinosatoru/coding_workspace/Local Sites/30days3rd/app/public/index.php:17
[23-Sep-2019 13:40:31 UTC] PHP   3. require_once() /Users/sekinosatoru/coding_workspace/Local Sites/30days3rd/app/public/wp-blog-header.php:19
[23-Sep-2019 13:40:31 UTC] PHP   4. include() /Users/sekinosatoru/coding_workspace/Local Sites/30days3rd/app/public/wp-includes/template-loader.php:78
[23-Sep-2019 13:40:31 UTC] PHP Warning:  Division by zero in /Users/sekinosatoru/coding_workspace/Local Sites/30days3rd/app/public/wp-content/themes/tf30/index.php on line 7
[23-Sep-2019 13:40:31 UTC] PHP Stack trace:
[23-Sep-2019 13:40:31 UTC] PHP   1. {main}() /Users/sekinosatoru/coding_workspace/Local Sites/30days3rd/app/public/index.php:0
[23-Sep-2019 13:40:31 UTC] PHP   2. require() /Users/sekinosatoru/coding_workspace/Local Sites/30days3rd/app/public/index.php:17
[23-Sep-2019 13:40:31 UTC] PHP   3. require_once() /Users/sekinosatoru/coding_workspace/Local Sites/30days3rd/app/public/wp-blog-header.php:19
[23-Sep-2019 13:40:31 UTC] PHP   4. include() /Users/sekinosatoru/coding_workspace/Local Sites/30days3rd/app/public/wp-includes/template-loader.php:78
[23-Sep-2019 13:40:32 UTC] PHP Warning:  A non-numeric value encountered in /Users/sekinosatoru/coding_workspace/Local Sites/30days3rd/app/public/wp-content/themes/tf30/index.php on line 7
[23-Sep-2019 13:40:32 UTC] PHP Stack trace:
[23-Sep-2019 13:40:32 UTC] PHP   1. {main}() /Users/sekinosatoru/coding_workspace/Local Sites/30days3rd/app/public/index.php:0
[23-Sep-2019 13:40:32 UTC] PHP   2. require() /Users/sekinosatoru/coding_workspace/Local Sites/30days3rd/app/public/index.php:17
[23-Sep-2019 13:40:32 UTC] PHP   3. require_once() /Users/sekinosatoru/coding_workspace/Local Sites/30days3rd/app/public/wp-blog-header.php:19
[23-Sep-2019 13:40:32 UTC] PHP   4. include() /Users/sekinosatoru/coding_workspace/Local Sites/30days3rd/app/public/wp-includes/template-loader.php:78
[23-Sep-2019 13:40:32 UTC] PHP Warning:  A non-numeric value encountered in /Users/sekinosatoru/coding_workspace/Local Sites/30days3rd/app/public/wp-content/themes/tf30/index.php on line 7
[23-Sep-2019 13:40:32 UTC] PHP Stack trace:
[23-Sep-2019 13:40:32 UTC] PHP   1. {main}() /Users/sekinosatoru/coding_workspace/Local Sites/30days3rd/app/public/index.php:0
[23-Sep-2019 13:40:32 UTC] PHP   2. require() /Users/sekinosatoru/coding_workspace/Local Sites/30days3rd/app/public/index.php:17
[23-Sep-2019 13:40:32 UTC] PHP   3. require_once() /Users/sekinosatoru/coding_workspace/Local Sites/30days3rd/app/public/wp-blog-header.php:19
[23-Sep-2019 13:40:32 UTC] PHP   4. include() /Users/sekinosatoru/coding_workspace/Local Sites/30days3rd/app/public/wp-includes/template-loader.php:78
[23-Sep-2019 13:40:32 UTC] PHP Warning:  Division by zero in /Users/sekinosatoru/coding_workspace/Local Sites/30days3rd/app/public/wp-content/themes/tf30/index.php on line 7
[23-Sep-2019 13:40:32 UTC] PHP Stack trace:
[23-Sep-2019 13:40:32 UTC] PHP   1. {main}() /Users/sekinosatoru/coding_workspace/Local Sites/30days3rd/app/public/index.php:0
[23-Sep-2019 13:40:32 UTC] PHP   2. require() /Users/sekinosatoru/coding_workspace/Local Sites/30days3rd/app/public/index.php:17
[23-Sep-2019 13:40:32 UTC] PHP   3. require_once() /Users/sekinosatoru/coding_workspace/Local Sites/30days3rd/app/public/wp-blog-header.php:19
[23-Sep-2019 13:40:32 UTC] PHP   4. include() /Users/sekinosatoru/coding_workspace/Local Sites/30days3rd/app/public/wp-includes/template-loader.php:78
